# JRE version: OpenJDK Runtime Environment Temurin-17.0.4.1+1 (17.0.4.1+1) (build 17.0.4.1+1)
# Java VM: OpenJDK 64-Bit Server VM Temurin-17.0.4.1+1 (17.0.4.1+1, mixed mode, emulated-client, tiered, compressed oops, compressed class ptrs, g1 gc, windows-amd64)
GC Precious Log:
 CPUs: 8 total, 8 available
 Memory: 3962M
 Large Page Support: Disabled
 NUMA Support: Disabled
 Compressed Oops: Enabled (32-bit)
 Heap Region Size: 1M
 Heap Min Capacity: 8M
 Heap Initial Capacity: 62M
 Heap Max Capacity: 992M
 Pre-touch: Disabled
 Parallel Workers: 8
 Concurrent Workers: 2
 Concurrent Refinement Workers: 8
 Periodic GC: Disabled
Heap:
 garbage-first heap   total 55296K, used 34925K [0x00000000c2000000, 0x0000000100000000)
  region size 1024K, 16 young (16384K), 2 survivors (2048K)
 Metaspace       used 54821K, committed 55232K, reserved 1097728K
  class space    used 7253K, committed 7488K, reserved 1048576K
GC Heap History (20 events):
Event: 6.765 GC heap before
{Heap before GC invocations=6 (full 0):
 garbage-first heap   total 37888K, used 26814K [0x00000000c2000000, 0x0000000100000000)
  region size 1024K, 17 young (17408K), 1 survivors (1024K)
 Metaspace       used 26445K, committed 26688K, reserved 1073152K
  class space    used 3169K, committed 3264K, reserved 1048576K
}
Event: 6.767 GC heap after
{Heap after GC invocations=7 (full 0):
 garbage-first heap   total 37888K, used 11029K [0x00000000c2000000, 0x0000000100000000)
  region size 1024K, 1 young (1024K), 1 survivors (1024K)
 Metaspace       used 26445K, committed 26688K, reserved 1073152K
  class space    used 3169K, committed 3264K, reserved 1048576K
}
Event: 7.523 GC heap before
{Heap before GC invocations=7 (full 0):
 garbage-first heap   total 37888K, used 28437K [0x00000000c2000000, 0x0000000100000000)
  region size 1024K, 18 young (18432K), 1 survivors (1024K)
 Metaspace       used 28148K, committed 28416K, reserved 1081344K
  class space    used 3400K, committed 3520K, reserved 1048576K
}
Event: 7.528 GC heap after
{Heap after GC invocations=8 (full 0):
 garbage-first heap   total 37888K, used 12479K [0x00000000c2000000, 0x0000000100000000)
  region size 1024K, 3 young (3072K), 3 survivors (3072K)
 Metaspace       used 28148K, committed 28416K, reserved 1081344K
  class space    used 3400K, committed 3520K, reserved 1048576K
}
Event: 8.123 GC heap before
{Heap before GC invocations=8 (full 0):
 garbage-first heap   total 37888K, used 27839K [0x00000000c2000000, 0x0000000100000000)
  region size 1024K, 18 young (18432K), 3 survivors (3072K)
 Metaspace       used 29506K, committed 29824K, reserved 1081344K
  class space    used 3614K, committed 3776K, reserved 1048576K
}
Event: 8.129 GC heap after
{Heap after GC invocations=9 (full 0):
 garbage-first heap   total 37888K, used 13292K [0x00000000c2000000, 0x0000000100000000)
  region size 1024K, 3 young (3072K), 3 survivors (3072K)
 Metaspace       used 29506K, committed 29824K, reserved 1081344K
  class space    used 3614K, committed 3776K, reserved 1048576K
}
Event: 8.935 GC heap before
{Heap before GC invocations=9 (full 0):
 garbage-first heap   total 37888K, used 28652K [0x00000000c2000000, 0x0000000100000000)
  region size 1024K, 18 young (18432K), 3 survivors (3072K)
 Metaspace       used 31684K, committed 32064K, reserved 1081344K
  class space    used 3938K, committed 4096K, reserved 1048576K
}
Event: 8.943 GC heap after
{Heap after GC invocations=10 (full 0):
 garbage-first heap   total 37888K, used 14290K [0x00000000c2000000, 0x0000000100000000)
  region size 1024K, 2 young (2048K), 2 survivors (2048K)
 Metaspace       used 31684K, committed 32064K, reserved 1081344K
  class space    used 3938K, committed 4096K, reserved 1048576K
}
Event: 9.641 GC heap before
{Heap before GC invocations=10 (full 0):
 garbage-first heap   total 37888K, used 29650K [0x00000000c2000000, 0x0000000100000000)
  region size 1024K, 17 young (17408K), 2 survivors (2048K)
 Metaspace       used 33750K, committed 34112K, reserved 1081344K
  class space    used 4310K, committed 4480K, reserved 1048576K
}
Event: 9.650 GC heap after
{Heap after GC invocations=11 (full 0):
 garbage-first heap   total 55296K, used 16169K [0x00000000c2000000, 0x0000000100000000)
  region size 1024K, 3 young (3072K), 3 survivors (3072K)
 Metaspace       used 33750K, committed 34112K, reserved 1081344K
  class space    used 4310K, committed 4480K, reserved 1048576K
}
Event: 10.208 GC heap before
{Heap before GC invocations=11 (full 0):
 garbage-first heap   total 55296K, used 28457K [0x00000000c2000000, 0x0000000100000000)
  region size 1024K, 16 young (16384K), 3 survivors (3072K)
 Metaspace       used 35948K, committed 36288K, reserved 1081344K
  class space    used 4555K, committed 4736K, reserved 1048576K
}
Event: 10.220 GC heap after
{Heap after GC invocations=12 (full 0):
 garbage-first heap   total 55296K, used 17456K [0x00000000c2000000, 0x0000000100000000)
  region size 1024K, 4 young (4096K), 4 survivors (4096K)
 Metaspace       used 35948K, committed 36288K, reserved 1081344K
  class space    used 4555K, committed 4736K, reserved 1048576K
}
Event: 11.221 GC heap before
{Heap before GC invocations=13 (full 0):
 garbage-first heap   total 55296K, used 41008K [0x00000000c2000000, 0x0000000100000000)
  region size 1024K, 27 young (27648K), 4 survivors (4096K)
 Metaspace       used 39806K, committed 40192K, reserved 1089536K
  class space    used 5076K, committed 5248K, reserved 1048576K
}
Event: 11.226 GC heap after
{Heap after GC invocations=14 (full 0):
 garbage-first heap   total 55296K, used 18831K [0x00000000c2000000, 0x0000000100000000)
  region size 1024K, 3 young (3072K), 3 survivors (3072K)
 Metaspace       used 39806K, committed 40192K, reserved 1089536K
  class space    used 5076K, committed 5248K, reserved 1048576K
}
Event: 11.277 GC heap before
{Heap before GC invocations=14 (full 0):
 garbage-first heap   total 55296K, used 19855K [0x00000000c2000000, 0x0000000100000000)
  region size 1024K, 4 young (4096K), 3 survivors (3072K)
 Metaspace       used 40024K, committed 40384K, reserved 1089536K
  class space    used 5111K, committed 5312K, reserved 1048576K
}
Event: 11.284 GC heap after
{Heap after GC invocations=15 (full 0):
 garbage-first heap   total 55296K, used 18661K [0x00000000c2000000, 0x0000000100000000)
  region size 1024K, 1 young (1024K), 1 survivors (1024K)
 Metaspace       used 40024K, committed 40384K, reserved 1089536K
  class space    used 5111K, committed 5312K, reserved 1048576K
}
Event: 12.444 GC heap before
{Heap before GC invocations=15 (full 0):
 garbage-first heap   total 55296K, used 40165K [0x00000000c2000000, 0x0000000100000000)
  region size 1024K, 23 young (23552K), 1 survivors (1024K)
 Metaspace       used 46274K, committed 46720K, reserved 1089536K
  class space    used 6056K, committed 6272K, reserved 1048576K
}
Event: 12.447 GC heap after
{Heap after GC invocations=16 (full 0):
 garbage-first heap   total 55296K, used 20243K [0x00000000c2000000, 0x0000000100000000)
  region size 1024K, 2 young (2048K), 2 survivors (2048K)
 Metaspace       used 46274K, committed 46720K, reserved 1089536K
  class space    used 6056K, committed 6272K, reserved 1048576K
}
Event: 13.483 GC heap before
{Heap before GC invocations=16 (full 0):
 garbage-first heap   total 55296K, used 41747K [0x00000000c2000000, 0x0000000100000000)
  region size 1024K, 24 young (24576K), 2 survivors (2048K)
 Metaspace       used 51576K, committed 51968K, reserved 1097728K
  class space    used 6778K, committed 6976K, reserved 1048576K
}
Event: 13.488 GC heap after
{Heap after GC invocations=17 (full 0):
 garbage-first heap   total 55296K, used 21613K [0x00000000c2000000, 0x0000000100000000)
  region size 1024K, 2 young (2048K), 2 survivors (2048K)
 Metaspace       used 51576K, committed 51968K, reserved 1097728K
  class space    used 6778K, committed 6976K, reserved 1048576K
}

