# JRE version: OpenJDK Runtime Environment Temurin-17.0.4.1+1 (17.0.4.1+1) (build 17.0.4.1+1)
# Java VM: OpenJDK 64-Bit Server VM Temurin-17.0.4.1+1 (17.0.4.1+1, mixed mode, emulated-client, tiered, compressed oops, compressed class ptrs, g1 gc, windows-amd64)
GC Precious Log:
 CPUs: 8 total, 8 available
 Memory: 3962M
 Large Page Support: Disabled
 NUMA Support: Disabled
 Compressed Oops: Enabled (32-bit)
 Heap Region Size: 1M
 Heap Min Capacity: 8M
 Heap Initial Capacity: 62M
 Heap Max Capacity: 992M
 Pre-touch: Disabled
 Parallel Workers: 8
 Concurrent Workers: 2
 Concurrent Refinement Workers: 8
 Periodic GC: Disabled
Heap:
 garbage-first heap   total 54272K, used 21508K [0x00000000c2000000, 0x0000000100000000)
  region size 1024K, 3 young (3072K), 3 survivors (3072K)
 Metaspace       used 56951K, committed 57408K, reserved 1105920K
  class space    used 7644K, committed 7872K, reserved 1048576K
GC Heap History (20 events):
Event: 1.676 GC heap after
{Heap after GC invocations=5 (full 0):
 garbage-first heap   total 37888K, used 9839K [0x00000000c2000000, 0x0000000100000000)
  region size 1024K, 3 young (3072K), 3 survivors (3072K)
 Metaspace       used 25758K, committed 26048K, reserved 1073152K
  class space    used 3052K, committed 3200K, reserved 1048576K
}
Event: 1.696 GC heap before
{Heap before GC invocations=5 (full 0):
 garbage-first heap   total 37888K, used 9839K [0x00000000c2000000, 0x0000000100000000)
  region size 1024K, 4 young (4096K), 3 survivors (3072K)
 Metaspace       used 25878K, committed 26176K, reserved 1073152K
  class space    used 3074K, committed 3200K, reserved 1048576K
}
Event: 1.699 GC heap after
{Heap after GC invocations=6 (full 0):
 garbage-first heap   total 37888K, used 9993K [0x00000000c2000000, 0x0000000100000000)
  region size 1024K, 1 young (1024K), 1 survivors (1024K)
 Metaspace       used 25878K, committed 26176K, reserved 1073152K
  class space    used 3074K, committed 3200K, reserved 1048576K
}
Event: 1.979 GC heap before
{Heap before GC invocations=6 (full 0):
 garbage-first heap   total 37888K, used 26377K [0x00000000c2000000, 0x0000000100000000)
  region size 1024K, 17 young (17408K), 1 survivors (1024K)
 Metaspace       used 27231K, committed 27520K, reserved 1073152K
  class space    used 3251K, committed 3392K, reserved 1048576K
}
Event: 1.981 GC heap after
{Heap after GC invocations=7 (full 0):
 garbage-first heap   total 54272K, used 11091K [0x00000000c2000000, 0x0000000100000000)
  region size 1024K, 2 young (2048K), 2 survivors (2048K)
 Metaspace       used 27231K, committed 27520K, reserved 1073152K
  class space    used 3251K, committed 3392K, reserved 1048576K
}
Event: 2.426 GC heap before
{Heap before GC invocations=7 (full 0):
 garbage-first heap   total 54272K, used 35667K [0x00000000c2000000, 0x0000000100000000)
  region size 1024K, 26 young (26624K), 2 survivors (2048K)
 Metaspace       used 30324K, committed 30592K, reserved 1081344K
  class space    used 3714K, committed 3840K, reserved 1048576K
}
Event: 2.430 GC heap after
{Heap after GC invocations=8 (full 0):
 garbage-first heap   total 54272K, used 12433K [0x00000000c2000000, 0x0000000100000000)
  region size 1024K, 3 young (3072K), 3 survivors (3072K)
 Metaspace       used 30324K, committed 30592K, reserved 1081344K
  class space    used 3714K, committed 3840K, reserved 1048576K
}
Event: 2.900 GC heap before
{Heap before GC invocations=8 (full 0):
 garbage-first heap   total 54272K, used 38033K [0x00000000c2000000, 0x0000000100000000)
  region size 1024K, 28 young (28672K), 3 survivors (3072K)
 Metaspace       used 34337K, committed 34752K, reserved 1081344K
  class space    used 4294K, committed 4480K, reserved 1048576K
}
Event: 2.905 GC heap after
{Heap after GC invocations=9 (full 0):
 garbage-first heap   total 54272K, used 15168K [0x00000000c2000000, 0x0000000100000000)
  region size 1024K, 4 young (4096K), 4 survivors (4096K)
 Metaspace       used 34337K, committed 34752K, reserved 1081344K
  class space    used 4294K, committed 4480K, reserved 1048576K
}
Event: 3.095 GC heap before
{Heap before GC invocations=9 (full 0):
 garbage-first heap   total 54272K, used 27456K [0x00000000c2000000, 0x0000000100000000)
  region size 1024K, 17 young (17408K), 4 survivors (4096K)
 Metaspace       used 35789K, committed 36160K, reserved 1081344K
  class space    used 4482K, committed 4672K, reserved 1048576K
}
Event: 3.099 GC heap after
{Heap after GC invocations=10 (full 0):
 garbage-first heap   total 54272K, used 16435K [0x00000000c2000000, 0x0000000100000000)
  region size 1024K, 2 young (2048K), 2 survivors (2048K)
 Metaspace       used 35789K, committed 36160K, reserved 1081344K
  class space    used 4482K, committed 4672K, reserved 1048576K
}
Event: 3.625 GC heap before
{Heap before GC invocations=11 (full 0):
 garbage-first heap   total 54272K, used 37939K [0x00000000c2000000, 0x0000000100000000)
  region size 1024K, 23 young (23552K), 2 survivors (2048K)
 Metaspace       used 41553K, committed 41856K, reserved 1089536K
  class space    used 5444K, committed 5568K, reserved 1048576K
}
Event: 3.628 GC heap after
{Heap after GC invocations=12 (full 0):
 garbage-first heap   total 54272K, used 17268K [0x00000000c2000000, 0x0000000100000000)
  region size 1024K, 2 young (2048K), 2 survivors (2048K)
 Metaspace       used 41553K, committed 41856K, reserved 1089536K
  class space    used 5444K, committed 5568K, reserved 1048576K
}
Event: 3.649 GC heap before
{Heap before GC invocations=12 (full 0):
 garbage-first heap   total 54272K, used 18292K [0x00000000c2000000, 0x0000000100000000)
  region size 1024K, 3 young (3072K), 2 survivors (2048K)
 Metaspace       used 41825K, committed 42176K, reserved 1089536K
  class space    used 5469K, committed 5632K, reserved 1048576K
}
Event: 3.653 GC heap after
{Heap after GC invocations=13 (full 0):
 garbage-first heap   total 54272K, used 17358K [0x00000000c2000000, 0x0000000100000000)
  region size 1024K, 1 young (1024K), 1 survivors (1024K)
 Metaspace       used 41825K, committed 42176K, reserved 1089536K
  class space    used 5469K, committed 5632K, reserved 1048576K
}
Event: 4.221 GC heap before
{Heap before GC invocations=13 (full 0):
 garbage-first heap   total 54272K, used 37838K [0x00000000c2000000, 0x0000000100000000)
  region size 1024K, 22 young (22528K), 1 survivors (1024K)
 Metaspace       used 50016K, committed 50432K, reserved 1097728K
  class space    used 6542K, committed 6720K, reserved 1048576K
}
Event: 4.224 GC heap after
{Heap after GC invocations=14 (full 0):
 garbage-first heap   total 54272K, used 18976K [0x00000000c2000000, 0x0000000100000000)
  region size 1024K, 3 young (3072K), 3 survivors (3072K)
 Metaspace       used 50016K, committed 50432K, reserved 1097728K
  class space    used 6542K, committed 6720K, reserved 1048576K
}
Event: 4.493 GC heap before
{Heap before GC invocations=14 (full 0):
 garbage-first heap   total 54272K, used 39456K [0x00000000c2000000, 0x0000000100000000)
  region size 1024K, 23 young (23552K), 3 survivors (3072K)
 Metaspace       used 53215K, committed 53568K, reserved 1097728K
  class space    used 6975K, committed 7168K, reserved 1048576K
}
Event: 4.498 GC heap after
{Heap after GC invocations=15 (full 0):
 garbage-first heap   total 54272K, used 20161K [0x00000000c2000000, 0x0000000100000000)
  region size 1024K, 2 young (2048K), 2 survivors (2048K)
 Metaspace       used 53215K, committed 53568K, reserved 1097728K
  class space    used 6975K, committed 7168K, reserved 1048576K
}
Event: 5.615 GC heap before
{Heap before GC invocations=15 (full 0):
 garbage-first heap   total 54272K, used 40641K [0x00000000c2000000, 0x0000000100000000)
  region size 1024K, 22 young (22528K), 2 survivors (2048K)
 Metaspace       used 56951K, committed 57408K, reserved 1105920K
  class space    used 7644K, committed 7872K, reserved 1048576K
}

