# JRE version: OpenJDK Runtime Environment Temurin-17.0.4.1+1 (17.0.4.1+1) (build 17.0.4.1+1)
# Java VM: OpenJDK 64-Bit Server VM Temurin-17.0.4.1+1 (17.0.4.1+1, mixed mode, emulated-client, tiered, compressed oops, compressed class ptrs, g1 gc, windows-amd64)
GC Precious Log:
 CPUs: 8 total, 8 available
 Memory: 3962M
 Large Page Support: Disabled
 NUMA Support: Disabled
 Compressed Oops: Enabled (32-bit)
 Heap Region Size: 1M
 Heap Min Capacity: 8M
 Heap Initial Capacity: 62M
 Heap Max Capacity: 992M
 Pre-touch: Disabled
 Parallel Workers: 8
 Concurrent Workers: 2
 Concurrent Refinement Workers: 8
 Periodic GC: Disabled
Heap:
 garbage-first heap   total 86016K, used 44812K [0x00000000c2000000, 0x0000000100000000)
  region size 1024K, 1 young (1024K), 1 survivors (1024K)
 Metaspace       used 71615K, committed 72064K, reserved 1114112K
  class space    used 9676K, committed 9920K, reserved 1048576K
GC Heap History (20 events):
Event: 8.173 GC heap after
{Heap after GC invocations=21 (full 0):
 garbage-first heap   total 59392K, used 26863K [0x00000000c2000000, 0x0000000100000000)
  region size 1024K, 3 young (3072K), 3 survivors (3072K)
 Metaspace       used 60910K, committed 61248K, reserved 1105920K
  class space    used 8164K, committed 8320K, reserved 1048576K
}
Event: 8.271 GC heap before
{Heap before GC invocations=21 (full 0):
 garbage-first heap   total 59392K, used 47343K [0x00000000c2000000, 0x0000000100000000)
  region size 1024K, 23 young (23552K), 3 survivors (3072K)
 Metaspace       used 61297K, committed 61632K, reserved 1105920K
  class space    used 8221K, committed 8384K, reserved 1048576K
}
Event: 8.274 GC heap after
{Heap after GC invocations=22 (full 0):
 garbage-first heap   total 71680K, used 26963K [0x00000000c2000000, 0x0000000100000000)
  region size 1024K, 2 young (2048K), 2 survivors (2048K)
 Metaspace       used 61297K, committed 61632K, reserved 1105920K
  class space    used 8221K, committed 8384K, reserved 1048576K
}
Event: 8.548 GC heap before
{Heap before GC invocations=22 (full 0):
 garbage-first heap   total 71680K, used 58707K [0x00000000c2000000, 0x0000000100000000)
  region size 1024K, 33 young (33792K), 2 survivors (2048K)
 Metaspace       used 63992K, committed 64384K, reserved 1105920K
  class space    used 8605K, committed 8832K, reserved 1048576K
}
Event: 8.552 GC heap after
{Heap after GC invocations=23 (full 0):
 garbage-first heap   total 71680K, used 27919K [0x00000000c2000000, 0x0000000100000000)
  region size 1024K, 3 young (3072K), 3 survivors (3072K)
 Metaspace       used 63992K, committed 64384K, reserved 1105920K
  class space    used 8605K, committed 8832K, reserved 1048576K
}
Event: 8.793 GC heap before
{Heap before GC invocations=23 (full 0):
 garbage-first heap   total 71680K, used 57615K [0x00000000c2000000, 0x0000000100000000)
  region size 1024K, 32 young (32768K), 3 survivors (3072K)
 Metaspace       used 65785K, committed 66240K, reserved 1114112K
  class space    used 8846K, committed 9088K, reserved 1048576K
}
Event: 8.798 GC heap after
{Heap after GC invocations=24 (full 0):
 garbage-first heap   total 71680K, used 29430K [0x00000000c2000000, 0x0000000100000000)
  region size 1024K, 4 young (4096K), 4 survivors (4096K)
 Metaspace       used 65785K, committed 66240K, reserved 1114112K
  class space    used 8846K, committed 9088K, reserved 1048576K
}
Event: 8.923 GC heap before
{Heap before GC invocations=24 (full 0):
 garbage-first heap   total 71680K, used 57078K [0x00000000c2000000, 0x0000000100000000)
  region size 1024K, 31 young (31744K), 4 survivors (4096K)
 Metaspace       used 66198K, committed 66624K, reserved 1114112K
  class space    used 8905K, committed 9152K, reserved 1048576K
}
Event: 8.927 GC heap after
{Heap after GC invocations=25 (full 0):
 garbage-first heap   total 71680K, used 30179K [0x00000000c2000000, 0x0000000100000000)
  region size 1024K, 3 young (3072K), 3 survivors (3072K)
 Metaspace       used 66198K, committed 66624K, reserved 1114112K
  class space    used 8905K, committed 9152K, reserved 1048576K
}
Event: 9.171 GC heap before
{Heap before GC invocations=25 (full 0):
 garbage-first heap   total 71680K, used 58851K [0x00000000c2000000, 0x0000000100000000)
  region size 1024K, 31 young (31744K), 3 survivors (3072K)
 Metaspace       used 67334K, committed 67776K, reserved 1114112K
  class space    used 9063K, committed 9280K, reserved 1048576K
}
Event: 9.175 GC heap after
{Heap after GC invocations=26 (full 0):
 garbage-first heap   total 86016K, used 31002K [0x00000000c2000000, 0x0000000100000000)
  region size 1024K, 2 young (2048K), 2 survivors (2048K)
 Metaspace       used 67334K, committed 67776K, reserved 1114112K
  class space    used 9063K, committed 9280K, reserved 1048576K
}
Event: 9.518 GC heap before
{Heap before GC invocations=26 (full 0):
 garbage-first heap   total 86016K, used 70938K [0x00000000c2000000, 0x0000000100000000)
  region size 1024K, 41 young (41984K), 2 survivors (2048K)
 Metaspace       used 69190K, committed 69696K, reserved 1114112K
  class space    used 9346K, committed 9600K, reserved 1048576K
}
Event: 9.523 GC heap after
{Heap after GC invocations=27 (full 0):
 garbage-first heap   total 86016K, used 32436K [0x00000000c2000000, 0x0000000100000000)
  region size 1024K, 4 young (4096K), 4 survivors (4096K)
 Metaspace       used 69190K, committed 69696K, reserved 1114112K
  class space    used 9346K, committed 9600K, reserved 1048576K
}
Event: 9.819 GC heap before
{Heap before GC invocations=27 (full 0):
 garbage-first heap   total 86016K, used 69300K [0x00000000c2000000, 0x0000000100000000)
  region size 1024K, 40 young (40960K), 4 survivors (4096K)
 Metaspace       used 69962K, committed 70400K, reserved 1114112K
  class space    used 9469K, committed 9664K, reserved 1048576K
}
Event: 9.825 GC heap after
{Heap after GC invocations=28 (full 0):
 garbage-first heap   total 86016K, used 34157K [0x00000000c2000000, 0x0000000100000000)
  region size 1024K, 4 young (4096K), 4 survivors (4096K)
 Metaspace       used 69962K, committed 70400K, reserved 1114112K
  class space    used 9469K, committed 9664K, reserved 1048576K
}
Event: 10.082 GC heap before
{Heap before GC invocations=28 (full 0):
 garbage-first heap   total 86016K, used 69997K [0x00000000c2000000, 0x0000000100000000)
  region size 1024K, 39 young (39936K), 4 survivors (4096K)
 Metaspace       used 71522K, committed 71936K, reserved 1114112K
  class space    used 9664K, committed 9856K, reserved 1048576K
}
Event: 10.088 GC heap after
{Heap after GC invocations=29 (full 0):
 garbage-first heap   total 86016K, used 38524K [0x00000000c2000000, 0x0000000100000000)
  region size 1024K, 5 young (5120K), 5 survivors (5120K)
 Metaspace       used 71522K, committed 71936K, reserved 1114112K
  class space    used 9664K, committed 9856K, reserved 1048576K
}
Event: 10.170 GC heap before
{Heap before GC invocations=29 (full 0):
 garbage-first heap   total 86016K, used 68220K [0x00000000c2000000, 0x0000000100000000)
  region size 1024K, 35 young (35840K), 5 survivors (5120K)
 Metaspace       used 71591K, committed 72064K, reserved 1114112K
  class space    used 9674K, committed 9920K, reserved 1048576K
}
Event: 10.180 GC heap after
{Heap after GC invocations=30 (full 0):
 garbage-first heap   total 86016K, used 44393K [0x00000000c2000000, 0x0000000100000000)
  region size 1024K, 5 young (5120K), 5 survivors (5120K)
 Metaspace       used 71591K, committed 72064K, reserved 1114112K
  class space    used 9674K, committed 9920K, reserved 1048576K
}
Event: 10.201 GC heap before
{Heap before GC invocations=30 (full 0):
 garbage-first heap   total 86016K, used 46441K [0x00000000c2000000, 0x0000000100000000)
  region size 1024K, 8 young (8192K), 5 survivors (5120K)
 Metaspace       used 71615K, committed 72064K, reserved 1114112K
  class space    used 9676K, committed 9920K, reserved 1048576K
}

