# JRE version: OpenJDK Runtime Environment Temurin-17.0.4.1+1 (17.0.4.1+1) (build 17.0.4.1+1)
# Java VM: OpenJDK 64-Bit Server VM Temurin-17.0.4.1+1 (17.0.4.1+1, mixed mode, emulated-client, tiered, compressed oops, compressed class ptrs, g1 gc, windows-amd64)
GC Precious Log:
 CPUs: 8 total, 8 available
 Memory: 3962M
 Large Page Support: Disabled
 NUMA Support: Disabled
 Compressed Oops: Enabled (32-bit)
 Heap Region Size: 1M
 Heap Min Capacity: 8M
 Heap Initial Capacity: 62M
 Heap Max Capacity: 992M
 Pre-touch: Disabled
 Parallel Workers: 8
 Concurrent Workers: 2
 Concurrent Refinement Workers: 8
 Periodic GC: Disabled
Heap:
 garbage-first heap   total 49152K, used 38237K [0x00000000c2000000, 0x0000000100000000)
  region size 1024K, 16 young (16384K), 1 survivors (1024K)
 Metaspace       used 56632K, committed 57024K, reserved 1105920K
  class space    used 7538K, committed 7680K, reserved 1048576K
GC Heap History (20 events):
Event: 5.639 GC heap before
{Heap before GC invocations=5 (full 0):
 garbage-first heap   total 40960K, used 27071K [0x00000000c2000000, 0x0000000100000000)
  region size 1024K, 19 young (19456K), 3 survivors (3072K)
 Metaspace       used 27042K, committed 27392K, reserved 1073152K
  class space    used 3294K, committed 3456K, reserved 1048576K
}
Event: 5.645 GC heap after
{Heap after GC invocations=6 (full 0):
 garbage-first heap   total 40960K, used 12348K [0x00000000c2000000, 0x0000000100000000)
  region size 1024K, 3 young (3072K), 3 survivors (3072K)
 Metaspace       used 27042K, committed 27392K, reserved 1073152K
  class space    used 3294K, committed 3456K, reserved 1048576K
}
Event: 5.907 GC heap before
{Heap before GC invocations=6 (full 0):
 garbage-first heap   total 40960K, used 27708K [0x00000000c2000000, 0x0000000100000000)
  region size 1024K, 19 young (19456K), 3 survivors (3072K)
 Metaspace       used 29397K, committed 29696K, reserved 1081344K
  class space    used 3620K, committed 3776K, reserved 1048576K
}
Event: 5.912 GC heap after
{Heap after GC invocations=7 (full 0):
 garbage-first heap   total 40960K, used 13398K [0x00000000c2000000, 0x0000000100000000)
  region size 1024K, 2 young (2048K), 2 survivors (2048K)
 Metaspace       used 29397K, committed 29696K, reserved 1081344K
  class space    used 3620K, committed 3776K, reserved 1048576K
}
Event: 6.470 GC heap before
{Heap before GC invocations=7 (full 0):
 garbage-first heap   total 40960K, used 29782K [0x00000000c2000000, 0x0000000100000000)
  region size 1024K, 18 young (18432K), 2 survivors (2048K)
 Metaspace       used 30597K, committed 30912K, reserved 1081344K
  class space    used 3809K, committed 3968K, reserved 1048576K
}
Event: 6.474 GC heap after
{Heap after GC invocations=8 (full 0):
 garbage-first heap   total 49152K, used 14489K [0x00000000c2000000, 0x0000000100000000)
  region size 1024K, 3 young (3072K), 3 survivors (3072K)
 Metaspace       used 30597K, committed 30912K, reserved 1081344K
  class space    used 3809K, committed 3968K, reserved 1048576K
}
Event: 7.509 GC heap before
{Heap before GC invocations=8 (full 0):
 garbage-first heap   total 49152K, used 35993K [0x00000000c2000000, 0x0000000100000000)
  region size 1024K, 24 young (24576K), 3 survivors (3072K)
 Metaspace       used 32938K, committed 33280K, reserved 1081344K
  class space    used 4177K, committed 4352K, reserved 1048576K
}
Event: 7.516 GC heap after
{Heap after GC invocations=9 (full 0):
 garbage-first heap   total 49152K, used 15594K [0x00000000c2000000, 0x0000000100000000)
  region size 1024K, 3 young (3072K), 3 survivors (3072K)
 Metaspace       used 32938K, committed 33280K, reserved 1081344K
  class space    used 4177K, committed 4352K, reserved 1048576K
}
Event: 8.326 GC heap before
{Heap before GC invocations=9 (full 0):
 garbage-first heap   total 49152K, used 33002K [0x00000000c2000000, 0x0000000100000000)
  region size 1024K, 22 young (22528K), 3 survivors (3072K)
 Metaspace       used 35858K, committed 36096K, reserved 1081344K
  class space    used 4623K, committed 4736K, reserved 1048576K
}
Event: 8.334 GC heap after
{Heap after GC invocations=10 (full 0):
 garbage-first heap   total 49152K, used 17238K [0x00000000c2000000, 0x0000000100000000)
  region size 1024K, 3 young (3072K), 3 survivors (3072K)
 Metaspace       used 35858K, committed 36096K, reserved 1081344K
  class space    used 4623K, committed 4736K, reserved 1048576K
}
Event: 9.189 GC heap before
{Heap before GC invocations=11 (full 0):
 garbage-first heap   total 49152K, used 36694K [0x00000000c2000000, 0x0000000100000000)
  region size 1024K, 22 young (22528K), 3 survivors (3072K)
 Metaspace       used 38571K, committed 38912K, reserved 1089536K
  class space    used 4981K, committed 5120K, reserved 1048576K
}
Event: 9.198 GC heap after
{Heap after GC invocations=12 (full 0):
 garbage-first heap   total 49152K, used 19553K [0x00000000c2000000, 0x0000000100000000)
  region size 1024K, 3 young (3072K), 3 survivors (3072K)
 Metaspace       used 38571K, committed 38912K, reserved 1089536K
  class space    used 4981K, committed 5120K, reserved 1048576K
}
Event: 9.633 GC heap before
{Heap before GC invocations=12 (full 0):
 garbage-first heap   total 49152K, used 36961K [0x00000000c2000000, 0x0000000100000000)
  region size 1024K, 20 young (20480K), 3 survivors (3072K)
 Metaspace       used 40760K, committed 41152K, reserved 1089536K
  class space    used 5268K, committed 5440K, reserved 1048576K
}
Event: 9.637 GC heap after
{Heap after GC invocations=13 (full 0):
 garbage-first heap   total 49152K, used 20467K [0x00000000c2000000, 0x0000000100000000)
  region size 1024K, 1 young (1024K), 1 survivors (1024K)
 Metaspace       used 40760K, committed 41152K, reserved 1089536K
  class space    used 5268K, committed 5440K, reserved 1048576K
}
Event: 10.493 GC heap before
{Heap before GC invocations=13 (full 0):
 garbage-first heap   total 49152K, used 37875K [0x00000000c2000000, 0x0000000100000000)
  region size 1024K, 18 young (18432K), 1 survivors (1024K)
 Metaspace       used 44645K, committed 45056K, reserved 1089536K
  class space    used 5979K, committed 6144K, reserved 1048576K
}
Event: 10.496 GC heap after
{Heap after GC invocations=14 (full 0):
 garbage-first heap   total 49152K, used 20978K [0x00000000c2000000, 0x0000000100000000)
  region size 1024K, 2 young (2048K), 2 survivors (2048K)
 Metaspace       used 44645K, committed 45056K, reserved 1089536K
  class space    used 5979K, committed 6144K, reserved 1048576K
}
Event: 11.460 GC heap before
{Heap before GC invocations=14 (full 0):
 garbage-first heap   total 49152K, used 37362K [0x00000000c2000000, 0x0000000100000000)
  region size 1024K, 19 young (19456K), 2 survivors (2048K)
 Metaspace       used 51778K, committed 52160K, reserved 1097728K
  class space    used 6843K, committed 7040K, reserved 1048576K
}
Event: 11.465 GC heap after
{Heap after GC invocations=15 (full 0):
 garbage-first heap   total 49152K, used 22974K [0x00000000c2000000, 0x0000000100000000)
  region size 1024K, 3 young (3072K), 3 survivors (3072K)
 Metaspace       used 51778K, committed 52160K, reserved 1097728K
  class space    used 6843K, committed 7040K, reserved 1048576K
}
Event: 11.920 GC heap before
{Heap before GC invocations=15 (full 0):
 garbage-first heap   total 49152K, used 38334K [0x00000000c2000000, 0x0000000100000000)
  region size 1024K, 18 young (18432K), 3 survivors (3072K)
 Metaspace       used 53268K, committed 53632K, reserved 1097728K
  class space    used 7066K, committed 7232K, reserved 1048576K
}
Event: 11.926 GC heap after
{Heap after GC invocations=16 (full 0):
 garbage-first heap   total 49152K, used 23901K [0x00000000c2000000, 0x0000000100000000)
  region size 1024K, 1 young (1024K), 1 survivors (1024K)
 Metaspace       used 53268K, committed 53632K, reserved 1097728K
  class space    used 7066K, committed 7232K, reserved 1048576K
}

